{
  "stats": {
    "suites": 1,
    "tests": 1,
    "passes": 0,
    "pending": 0,
    "failures": 1,
    "start": "2024-07-13T10:29:45.870Z",
    "end": "2024-07-13T10:30:03.350Z",
    "duration": 17480,
    "testsRegistered": 1,
    "passPercent": 0,
    "pendingPercent": 0,
    "other": 0,
    "hasOther": false,
    "skipped": 0,
    "hasSkipped": false
  },
  "results": [
    {
      "uuid": "382e9ad9-4a37-4aef-ab95-735ff2833c14",
      "title": "",
      "fullFile": "cypress\\e2e\\SignupPage.cy.js",
      "file": "cypress\\e2e\\SignupPage.cy.js",
      "beforeHooks": [],
      "afterHooks": [],
      "tests": [],
      "suites": [
        {
          "uuid": "fa8f789b-a6d0-4275-a2e5-197cdfaf1428",
          "title": "Sign up",
          "fullFile": "",
          "file": "",
          "beforeHooks": [],
          "afterHooks": [],
          "tests": [
            {
              "title": "should sign up a new user",
              "fullTitle": "Sign up should sign up a new user",
              "timedOut": null,
              "duration": 15531,
              "state": "failed",
              "speed": null,
              "pass": false,
              "fail": true,
              "pending": false,
              "context": null,
              "code": "cy.visit(baseUrl);\ncy.contains('button', 'Sign up', {\n  timeout: 10000\n}).click();\n//Enter a email address\ncy.get('[data-cy=\"auth-email-input\"]', {\n  timeout: 10000\n}).should('be.visible').type(user.email);\ncy.get('button.MuiIconButton-root').eq(5).click({\n  force: true\n});\n//Enter a Password\ncy.get('input[placeholder=\"Enter password\"]').type(user.password);\ncy.get('input[placeholder=\"Retype password\"]').type(user.password);\ncy.get('button.MuiIconButton-root').eq(6).click({\n  force: true\n});\n//Enter a otp\ncy.get('input[aria-label=\"Please enter OTP character 1\"]').type('1');\ncy.get('input[aria-label=\"Please enter OTP character 2\"]').type('2');\ncy.get('input[aria-label=\"Please enter OTP character 3\"]').type('3');\ncy.get('input[aria-label=\"Please enter OTP character 4\"]').type('4');\ncy.get('input[aria-label=\"Please enter OTP character 5\"]').type('5');\ncy.get('input[aria-label=\"Please enter OTP character 6\"]').type('6');\ncy.get('button.MuiIconButton-root').eq(6).click({\n  force: true\n});\n//Enter a location and Phone number and Successfully Sign up\ncy.get('[data-cy=\"signup-username-input\"]').type(user.username);\ncy.get('#mui-6', {\n  timeout: 10000\n}).should('not.be.disabled').and('be.visible').type(user.location);\ncy.wait(1000);\ncy.get('.MuiAutocomplete-option').eq(1).click();\ncy.get('[data-cy=\"signup-phone-input\"]').type(user.phoneNumber);\ncy.get('[data-cy=\"signup-phone-verify-button\"]').click();\ncy.get('input[aria-label=\"Please enter OTP character 1\"]').type('1');\ncy.get('input[aria-label=\"Please enter OTP character 2\"]').type('2');\ncy.get('input[aria-label=\"Please enter OTP character 3\"]').type('3');\ncy.get('input[aria-label=\"Please enter OTP character 4\"]').type('4');\ncy.get('input[aria-label=\"Please enter OTP character 5\"]').type('5');\ncy.get('input[aria-label=\"Please enter OTP character 6\"]').type('6');\ncy.get('[data-cy=\"signup-submit-button\"]').click();",
              "err": {
                "message": "AssertionError: Timed out retrying after 4000ms: Expected to find element: `input[placeholder=\"Retype password\"]`, but never found it.",
                "estack": "AssertionError: Timed out retrying after 4000ms: Expected to find element: `input[placeholder=\"Retype password\"]`, but never found it.\n    at Context.eval (webpack://cypressautomation/./cypress/e2e/SignupPage.cy.js:28:7)",
                "diff": null
              },
              "uuid": "d4c2c8f0-0cbe-41a1-9959-8e1aa8680126",
              "parentUUID": "fa8f789b-a6d0-4275-a2e5-197cdfaf1428",
              "isHook": false,
              "skipped": false
            }
          ],
          "suites": [],
          "passes": [],
          "failures": [
            "d4c2c8f0-0cbe-41a1-9959-8e1aa8680126"
          ],
          "pending": [],
          "skipped": [],
          "duration": 15531,
          "root": false,
          "rootEmpty": false,
          "_timeout": 2000
        }
      ],
      "passes": [],
      "failures": [],
      "pending": [],
      "skipped": [],
      "duration": 0,
      "root": true,
      "rootEmpty": true,
      "_timeout": 2000
    }
  ],
  "meta": {
    "mocha": {
      "version": "7.0.1"
    },
    "mochawesome": {
      "options": {
        "quiet": false,
        "reportFilename": "mochawesome",
        "saveHtml": true,
        "saveJson": true,
        "consoleReporter": "spec",
        "useInlineDiffs": false,
        "code": true
      },
      "version": "7.1.3"
    },
    "marge": {
      "options": null,
      "version": "6.2.0"
    }
  }
}